d:\vs_projects\surfaceevolvergui\build\surfaceevolvergui.dir\relwithdebinfo\vc142.pdb
d:\vs_projects\surfaceevolvergui\build\surfaceevolvergui.dir\relwithdebinfo\sceneobject.obj
d:\vs_projects\surfaceevolvergui\build\surfaceevolvergui.dir\relwithdebinfo\surfaceevolvergui.obj
d:\vs_projects\surfaceevolvergui\build\surfaceevolvergui.dir\relwithdebinfo\mocs_compilation.obj
d:\vs_projects\surfaceevolvergui\build\surfaceevolvergui.dir\relwithdebinfo\surfaceevolverguidriver.obj
d:\vs_projects\surfaceevolvergui\build\ui_surfaceevolvergui.h
d:\vs_projects\surfaceevolvergui\build\cmakefiles\generate.stamp
d:\vs_projects\surfaceevolvergui\build\relwithdebinfo\surfaceevolvergui.exe
d:\vs_projects\surfaceevolvergui\build\relwithdebinfo\surfaceevolvergui.ilk
d:\vs_projects\surfaceevolvergui\build\relwithdebinfo\surfaceevolvergui.pdb
d:\vs_projects\surfaceevolvergui\build\surfaceevolvergui.dir\relwithdebinfo\engine.obj
d:\vs_projects\surfaceevolvergui\build\surfaceevolvergui.dir\relwithdebinfo\meshobject.obj
d:\vs_projects\surfaceevolvergui\build\surfaceevolvergui.dir\relwithdebinfo\surfacee.a9fca237.tlog\cl.command.1.tlog
d:\vs_projects\surfaceevolvergui\build\surfaceevolvergui.dir\relwithdebinfo\surfacee.a9fca237.tlog\cl.read.1.tlog
d:\vs_projects\surfaceevolvergui\build\surfaceevolvergui.dir\relwithdebinfo\surfacee.a9fca237.tlog\cl.write.1.tlog
d:\vs_projects\surfaceevolvergui\build\surfaceevolvergui.dir\relwithdebinfo\surfacee.a9fca237.tlog\custombuild.command.1.tlog
d:\vs_projects\surfaceevolvergui\build\surfaceevolvergui.dir\relwithdebinfo\surfacee.a9fca237.tlog\custombuild.read.1.tlog
d:\vs_projects\surfaceevolvergui\build\surfaceevolvergui.dir\relwithdebinfo\surfacee.a9fca237.tlog\custombuild.write.1.tlog
d:\vs_projects\surfaceevolvergui\build\surfaceevolvergui.dir\relwithdebinfo\surfacee.a9fca237.tlog\link.10692.delete.1.tlog
d:\vs_projects\surfaceevolvergui\build\surfaceevolvergui.dir\relwithdebinfo\surfacee.a9fca237.tlog\link.1308.delete.1.tlog
d:\vs_projects\surfaceevolvergui\build\surfaceevolvergui.dir\relwithdebinfo\surfacee.a9fca237.tlog\link.15000.delete.1.tlog
d:\vs_projects\surfaceevolvergui\build\surfaceevolvergui.dir\relwithdebinfo\surfacee.a9fca237.tlog\link.18392.delete.1.tlog
d:\vs_projects\surfaceevolvergui\build\surfaceevolvergui.dir\relwithdebinfo\surfacee.a9fca237.tlog\link.18720.delete.1.tlog
d:\vs_projects\surfaceevolvergui\build\surfaceevolvergui.dir\relwithdebinfo\surfacee.a9fca237.tlog\link.19160.delete.1.tlog
d:\vs_projects\surfaceevolvergui\build\surfaceevolvergui.dir\relwithdebinfo\surfacee.a9fca237.tlog\link.19260.delete.1.tlog
d:\vs_projects\surfaceevolvergui\build\surfaceevolvergui.dir\relwithdebinfo\surfacee.a9fca237.tlog\link.2072.delete.1.tlog
d:\vs_projects\surfaceevolvergui\build\surfaceevolvergui.dir\relwithdebinfo\surfacee.a9fca237.tlog\link.20828.delete.1.tlog
d:\vs_projects\surfaceevolvergui\build\surfaceevolvergui.dir\relwithdebinfo\surfacee.a9fca237.tlog\link.21188.delete.1.tlog
d:\vs_projects\surfaceevolvergui\build\surfaceevolvergui.dir\relwithdebinfo\surfacee.a9fca237.tlog\link.21664.delete.1.tlog
d:\vs_projects\surfaceevolvergui\build\surfaceevolvergui.dir\relwithdebinfo\surfacee.a9fca237.tlog\link.22356.delete.1.tlog
d:\vs_projects\surfaceevolvergui\build\surfaceevolvergui.dir\relwithdebinfo\surfacee.a9fca237.tlog\link.24380.delete.1.tlog
d:\vs_projects\surfaceevolvergui\build\surfaceevolvergui.dir\relwithdebinfo\surfacee.a9fca237.tlog\link.25236.delete.1.tlog
d:\vs_projects\surfaceevolvergui\build\surfaceevolvergui.dir\relwithdebinfo\surfacee.a9fca237.tlog\link.25476.delete.1.tlog
d:\vs_projects\surfaceevolvergui\build\surfaceevolvergui.dir\relwithdebinfo\surfacee.a9fca237.tlog\link.26768.delete.1.tlog
d:\vs_projects\surfaceevolvergui\build\surfaceevolvergui.dir\relwithdebinfo\surfacee.a9fca237.tlog\link.27412.delete.1.tlog
d:\vs_projects\surfaceevolvergui\build\surfaceevolvergui.dir\relwithdebinfo\surfacee.a9fca237.tlog\link.28304.delete.1.tlog
d:\vs_projects\surfaceevolvergui\build\surfaceevolvergui.dir\relwithdebinfo\surfacee.a9fca237.tlog\link.30060.delete.1.tlog
d:\vs_projects\surfaceevolvergui\build\surfaceevolvergui.dir\relwithdebinfo\surfacee.a9fca237.tlog\link.30184.delete.1.tlog
d:\vs_projects\surfaceevolvergui\build\surfaceevolvergui.dir\relwithdebinfo\surfacee.a9fca237.tlog\link.31476.delete.1.tlog
d:\vs_projects\surfaceevolvergui\build\surfaceevolvergui.dir\relwithdebinfo\surfacee.a9fca237.tlog\link.31928.delete.1.tlog
d:\vs_projects\surfaceevolvergui\build\surfaceevolvergui.dir\relwithdebinfo\surfacee.a9fca237.tlog\link.32128.delete.1.tlog
d:\vs_projects\surfaceevolvergui\build\surfaceevolvergui.dir\relwithdebinfo\surfacee.a9fca237.tlog\link.32288.delete.1.tlog
d:\vs_projects\surfaceevolvergui\build\surfaceevolvergui.dir\relwithdebinfo\surfacee.a9fca237.tlog\link.32520.delete.1.tlog
d:\vs_projects\surfaceevolvergui\build\surfaceevolvergui.dir\relwithdebinfo\surfacee.a9fca237.tlog\link.33696.delete.1.tlog
d:\vs_projects\surfaceevolvergui\build\surfaceevolvergui.dir\relwithdebinfo\surfacee.a9fca237.tlog\link.5844.delete.1.tlog
d:\vs_projects\surfaceevolvergui\build\surfaceevolvergui.dir\relwithdebinfo\surfacee.a9fca237.tlog\link.6312.delete.1.tlog
d:\vs_projects\surfaceevolvergui\build\surfaceevolvergui.dir\relwithdebinfo\surfacee.a9fca237.tlog\link.792.delete.1.tlog
d:\vs_projects\surfaceevolvergui\build\surfaceevolvergui.dir\relwithdebinfo\surfacee.a9fca237.tlog\link.8452.delete.1.tlog
d:\vs_projects\surfaceevolvergui\build\surfaceevolvergui.dir\relwithdebinfo\surfacee.a9fca237.tlog\link.command.1.tlog
d:\vs_projects\surfaceevolvergui\build\surfaceevolvergui.dir\relwithdebinfo\surfacee.a9fca237.tlog\link.delete.1.tlog
d:\vs_projects\surfaceevolvergui\build\surfaceevolvergui.dir\relwithdebinfo\surfacee.a9fca237.tlog\link.read.1.tlog
d:\vs_projects\surfaceevolvergui\build\surfaceevolvergui.dir\relwithdebinfo\surfacee.a9fca237.tlog\link.write.1.tlog
